<!DOCTYPE idea-plugin PUBLIC "Plugin/DTD" "http://plugins.intellij.net/plugin.dtd">
<idea-plugin url="http://www.jetbrains.com/idea">
  <extensions defaultExtensionNs="org.jetbrains">
    <android.lightBuildProvider implementation="org.jetbrains.android.compiler.AndroidTestNgLightBuildProvider"/>
  </extensions>
</idea-plugin>
